2025-03-11 08:59:39 [main] WARN  o.s.b.t.j.DuplicateJsonObjectContextCustomizerFactory$DuplicateJsonObjectContextCustomizer - 

Found multiple occurrences of org.json.JSONObject on the class path:

	jar:file:/C:/Users/jxw/.m2/repository/com/vaadin/external/google/android-json/0.0.20131108.vaadin1/android-json-0.0.20131108.vaadin1.jar!/org/json/JSONObject.class
	jar:file:/C:/Users/jxw/.m2/repository/org/json/json/20231013/json-20231013.jar!/org/json/JSONObject.class

You may wish to exclude one of them to ensure predictable runtime behavior

2025-03-11 08:59:39 [main] INFO  com.jxw.server.LLMTest - Starting LLMTest using Java 22.0.2 with PID 8620 (started by jxw in C:\Users\jxw\OneDrive\Desktop\Oppo\develop\GuideHand\server)
2025-03-11 08:59:39 [main] INFO  com.jxw.server.LLMTest - No active profile set, falling back to 1 default profile: "default"
2025-03-11 08:59:41 [main] INFO  com.jxw.server.LLMTest - Started LLMTest in 3.258 seconds (process running for 4.218)
2025-03-11 08:59:42 [main] INFO  com.zaxxer.hikari.HikariDataSource - HikariPool-1 - Starting...
2025-03-11 08:59:44 [main] INFO  o.s.t.c.s.AnnotationConfigContextLoaderUtils - Could not detect default configuration classes for test class [com.jxw.server.ServerApplicationTests]: ServerApplicationTests does not declare any static, non-private, non-final, nested classes annotated with @Configuration.
2025-03-11 08:59:44 [main] INFO  o.s.b.t.c.SpringBootTestContextBootstrapper - Found @SpringBootConfiguration com.jxw.server.ServerApplication for test class com.jxw.server.ServerApplicationTests
2025-03-11 10:12:20 [main] WARN  o.s.b.t.j.DuplicateJsonObjectContextCustomizerFactory$DuplicateJsonObjectContextCustomizer - 

Found multiple occurrences of org.json.JSONObject on the class path:

	jar:file:/C:/Users/jxw/.m2/repository/com/vaadin/external/google/android-json/0.0.20131108.vaadin1/android-json-0.0.20131108.vaadin1.jar!/org/json/JSONObject.class
	jar:file:/C:/Users/jxw/.m2/repository/org/json/json/20231013/json-20231013.jar!/org/json/JSONObject.class

You may wish to exclude one of them to ensure predictable runtime behavior

2025-03-11 10:12:20 [main] INFO  com.jxw.server.TokenTest - Starting TokenTest using Java 22.0.2 with PID 35488 (started by jxw in C:\Users\jxw\OneDrive\Desktop\Oppo\develop\GuideHand\server)
2025-03-11 10:12:20 [main] INFO  com.jxw.server.TokenTest - No active profile set, falling back to 1 default profile: "default"
2025-03-11 10:12:26 [main] INFO  com.jxw.server.TokenTest - Started TokenTest in 6.199 seconds (process running for 7.758)
2025-03-11 10:12:46 [main] WARN  o.s.b.t.j.DuplicateJsonObjectContextCustomizerFactory$DuplicateJsonObjectContextCustomizer - 

Found multiple occurrences of org.json.JSONObject on the class path:

	jar:file:/C:/Users/jxw/.m2/repository/com/vaadin/external/google/android-json/0.0.20131108.vaadin1/android-json-0.0.20131108.vaadin1.jar!/org/json/JSONObject.class
	jar:file:/C:/Users/jxw/.m2/repository/org/json/json/20231013/json-20231013.jar!/org/json/JSONObject.class

You may wish to exclude one of them to ensure predictable runtime behavior

2025-03-11 10:12:46 [main] INFO  com.jxw.server.TokenTest - Starting TokenTest using Java 22.0.2 with PID 33304 (started by jxw in C:\Users\jxw\OneDrive\Desktop\Oppo\develop\GuideHand\server)
2025-03-11 10:12:46 [main] INFO  com.jxw.server.TokenTest - No active profile set, falling back to 1 default profile: "default"
2025-03-11 10:12:55 [main] INFO  com.jxw.server.TokenTest - Started TokenTest in 10.028 seconds (process running for 11.595)
2025-03-11 10:15:41 [main] WARN  o.s.b.t.j.DuplicateJsonObjectContextCustomizerFactory$DuplicateJsonObjectContextCustomizer - 

Found multiple occurrences of org.json.JSONObject on the class path:

	jar:file:/C:/Users/jxw/.m2/repository/com/vaadin/external/google/android-json/0.0.20131108.vaadin1/android-json-0.0.20131108.vaadin1.jar!/org/json/JSONObject.class
	jar:file:/C:/Users/jxw/.m2/repository/org/json/json/20231013/json-20231013.jar!/org/json/JSONObject.class

You may wish to exclude one of them to ensure predictable runtime behavior

2025-03-11 10:15:41 [main] INFO  com.jxw.server.TokenTest - Starting TokenTest using Java 22.0.2 with PID 11056 (started by jxw in C:\Users\jxw\OneDrive\Desktop\Oppo\develop\GuideHand\server)
2025-03-11 10:15:41 [main] INFO  com.jxw.server.TokenTest - No active profile set, falling back to 1 default profile: "default"
2025-03-11 10:15:49 [main] INFO  com.jxw.server.TokenTest - Started TokenTest in 8.756 seconds (process running for 11.258)
